[32mINFO[0m:     [06-05-2024 21:46:05] Set chroma_server_nofile to 65535
[32mINFO[0m:     [06-05-2024 21:46:32] Set chroma_server_nofile to 65535
[32mINFO[0m:     [06-05-2024 21:46:42] Set chroma_server_nofile to 65535
[32mINFO[0m:     [06-05-2024 21:47:02] Set chroma_server_nofile to 65535
[32mINFO[0m:     [06-05-2024 21:47:02] Anonymized telemetry enabled. See                     https://docs.trychroma.com/telemetry for more information.
[36mDEBUG[0m:    [06-05-2024 21:47:02] Starting component System
[36mDEBUG[0m:    [06-05-2024 21:47:02] Starting component OpenTelemetryClient
[36mDEBUG[0m:    [06-05-2024 21:47:02] Starting component SqliteDB
[36mDEBUG[0m:    [06-05-2024 21:47:02] Starting component QuotaEnforcer
[36mDEBUG[0m:    [06-05-2024 21:47:02] Starting component Posthog
[36mDEBUG[0m:    [06-05-2024 21:47:02] Starting component LocalSegmentManager
[36mDEBUG[0m:    [06-05-2024 21:47:02] Starting component SegmentAPI
[32mINFO[0m:     [06-05-2024 21:47:02] Started server process [[36m77338[0m]
[32mINFO[0m:     [06-05-2024 21:47:02] Waiting for application startup.
[32mINFO[0m:     [06-05-2024 21:47:02] Application startup complete.
[32mINFO[0m:     [06-05-2024 21:47:02] Uvicorn running on [1mhttp://localhost:8000[0m (Press CTRL+C to quit)
[32mINFO[0m:     [06-05-2024 22:20:27] ::1:65055 - "GET / HTTP/1.1" 404
[32mINFO[0m:     [06-05-2024 22:20:27] ::1:65055 - "GET /favicon.ico HTTP/1.1" 404
[32mINFO[0m:     [06-05-2024 22:20:28] ::1:65055 - "GET / HTTP/1.1" 404
[32mINFO[0m:     [06-05-2024 23:41:28] Shutting down
[32mINFO[0m:     [06-05-2024 23:41:29] Waiting for application shutdown.
[36mDEBUG[0m:    [06-05-2024 23:41:29] Stopping component System
[36mDEBUG[0m:    [06-05-2024 23:41:29] Stopping component SegmentAPI
[36mDEBUG[0m:    [06-05-2024 23:41:29] Stopping component LocalSegmentManager
[36mDEBUG[0m:    [06-05-2024 23:41:29] Stopping component Posthog
[36mDEBUG[0m:    [06-05-2024 23:41:29] Stopping component QuotaEnforcer
[36mDEBUG[0m:    [06-05-2024 23:41:29] Stopping component SqliteDB
[36mDEBUG[0m:    [06-05-2024 23:41:29] Stopping component OpenTelemetryClient
[32mINFO[0m:     [06-05-2024 23:41:29] Application shutdown complete.
[32mINFO[0m:     [06-05-2024 23:41:29] Finished server process [[36m77338[0m]
[32mINFO[0m:     [06-05-2024 23:41:31] Set chroma_server_nofile to 65535
[32mINFO[0m:     [06-05-2024 23:41:31] Anonymized telemetry enabled. See                     https://docs.trychroma.com/telemetry for more information.
[36mDEBUG[0m:    [06-05-2024 23:41:31] Starting component System
[36mDEBUG[0m:    [06-05-2024 23:41:31] Starting component OpenTelemetryClient
[36mDEBUG[0m:    [06-05-2024 23:41:31] Starting component SqliteDB
[36mDEBUG[0m:    [06-05-2024 23:41:31] Starting component QuotaEnforcer
[36mDEBUG[0m:    [06-05-2024 23:41:31] Starting component Posthog
[36mDEBUG[0m:    [06-05-2024 23:41:31] Starting component LocalSegmentManager
[36mDEBUG[0m:    [06-05-2024 23:41:31] Starting component SegmentAPI
[32mINFO[0m:     [06-05-2024 23:41:31] Started server process [[36m79860[0m]
[32mINFO[0m:     [06-05-2024 23:41:31] Waiting for application startup.
[32mINFO[0m:     [06-05-2024 23:41:31] Application startup complete.
[32mINFO[0m:     [06-05-2024 23:41:31] Uvicorn running on [1mhttp://localhost:8000[0m (Press CTRL+C to quit)
